c:\users\willi\downloads\gaylorant_[unknowncheats.me]_\gaylorant\x64\release\vc142.pdb
c:\users\willi\downloads\gaylorant_[unknowncheats.me]_\gaylorant\x64\release\main.obj
c:\users\willi\downloads\gaylorant_[unknowncheats.me]_\gaylorant\x64\release\imgui_widgets.obj
c:\users\willi\downloads\gaylorant_[unknowncheats.me]_\gaylorant\x64\release\imgui_tables.obj
c:\users\willi\downloads\gaylorant_[unknowncheats.me]_\gaylorant\x64\release\imgui_impl_opengl3.obj
c:\users\willi\downloads\gaylorant_[unknowncheats.me]_\gaylorant\x64\release\imgui_impl_glfw.obj
c:\users\willi\downloads\gaylorant_[unknowncheats.me]_\gaylorant\x64\release\imgui_draw.obj
c:\users\willi\downloads\gaylorant_[unknowncheats.me]_\gaylorant\x64\release\imgui_demo.obj
c:\users\willi\downloads\gaylorant_[unknowncheats.me]_\gaylorant\x64\release\imgui.obj
c:\users\willi\downloads\gaylorant_[unknowncheats.me]_\gaylorant\x64\release\valokeaz.exe
c:\users\willi\downloads\gaylorant_[unknowncheats.me]_\gaylorant\x64\release\valokeaz.pdb
c:\users\willi\downloads\gaylorant_[unknowncheats.me]_\gaylorant\x64\release\valokeaz.ipdb
c:\users\willi\downloads\gaylorant_[unknowncheats.me]_\gaylorant\x64\release\valokeaz.iobj
c:\users\willi\downloads\gaylorant_[unknowncheats.me]_\gaylorant\x64\release\valorant.tlog\cl.command.1.tlog
c:\users\willi\downloads\gaylorant_[unknowncheats.me]_\gaylorant\x64\release\valorant.tlog\cl.read.1.tlog
c:\users\willi\downloads\gaylorant_[unknowncheats.me]_\gaylorant\x64\release\valorant.tlog\cl.write.1.tlog
c:\users\willi\downloads\gaylorant_[unknowncheats.me]_\gaylorant\x64\release\valorant.tlog\link.command.1.tlog
c:\users\willi\downloads\gaylorant_[unknowncheats.me]_\gaylorant\x64\release\valorant.tlog\link.read.1.tlog
c:\users\willi\downloads\gaylorant_[unknowncheats.me]_\gaylorant\x64\release\valorant.tlog\link.write.1.tlog
c:\users\willi\downloads\gaylorant_[unknowncheats.me]_\gaylorant\x64\release\valorant.tlog\valorant.write.1u.tlog
